[    0.0000Intializg rop subsys cpuset
[  000000] nialing cgupubsys cpu
[    0.000000] Initializing cgroup suyscpuacct
[    0.00000] Liuxerion 4.13-genric (buildd@lcy01-amd64-020) (gcc version 5.4.0 20160609 (Ubuntu 5.4.0-6ubuntu1~16.04.10) ) #161-Ubuntu SMP Mon Aug 27 10:45:01 UTC 2018 (Ubuntu 4.4.0-135.161-generic 4.4.140)
[    0.000000] Command line: BOOT_IMAGE=/boot/vmlinuz-4.4.0-135-generic root=LABEL=cloudimg-rootfs ro console=tty1 console=ttyS0
[    0.000000] KERNEL supportd us:
[  00000]   Intel GnueItel
[    0.000000]   AMD AuthenticAMD
[    0.000000]   Centaur CentaurHauls
[    0.000000] x86/fpu: xstate_offset[2]:  576, xstate_sizes[2]:  256
[    0.000000x8fpu: Supporting XSAVE ature 0x01: 'x87 floating point registers'
[    0.000000] x86/fpu: Supporting XSAVE ftue 0x02: 'SEegsters'
  0.000000x8fpu:Suoring XSAVE fate 04: 'A risters'
[  000000] x86/fpu: Enabled xta fatures 0x7, context zeis 83bys,usngstndard'foat
[  0.000000] e820: BIOS-prided phycaRA map:
[  000000]BI-e20: [emx0000000000000x000000009fbff] usable
[    0.000000] BIOS-e820: [mem 0x000000000009fc00-0x0000000009ffff] reserved
[  0.00000BIS-e820: [mem 00000000000-000000000000fffff] seed
[   0000] BI-e0: [mem 000000010000x00000003ffeffff] usable
[   00000] IOe8: [mem 0x00000000ff00-0x000000003fffffff] ACPI data
[    0.000000] BIOS-e820: [mem 0x00000000fec00000-0x00000000fec00fff] reserved
[    0.000000] BIOS-e820: [mem 0x00000000fee00000-0x00000000fee00fff] reserved
[    0.000000] BIOS-e820: [mem 0x00000000fffc0000-0x00000000ffffffff] reserved
[    0.000000] NX (Execute Disable) protection: active
[    0.000000] SMBIOS 2.5 present.
[    0.000000] Hypervisor detected: KVM
[    0.000000] e820: last_pfn = 0x3fff0 max_arch_pfn = 0x400000000
[    0.000000] MTRR: Disabled
[    0.000000] x86/PAT: MTRRs disabled, skipping PAT initialization too.
[    0.000000] CPU MTRRs all blank - virtualized system.
[    0.000000] x86/PAT: Configuration [0-7]: WB  WT  UC- UC  WB  WT  UC- UC  
[    0.000000] found SMP MP-table at [mem 0x0009fff0-0x0009ffff] mapped at [ffff88000009fff0]
[    0.000000] Scanning 1 areas for low memory corruption
[    0.0000] RAMDISK: emx330a000-0x3717cfff]
[    0000] AC: Earlyabe checksum verification disabled
[    0.000000] ACPI: RSDP 0x00000000000E00 00024 (v02 VBOX  )
[  000000]CP XDT 0x000000003FFF0030 00003C (v01 VBOX   VBOXXSDT 00000001 ASL  00000061)
[    0.000000] ACPI: FACP 0x000000003FFF00F0 0000F4 (v04 VBOX   VBOXFACP 00000001 ASL  00000061)
[    0.000000] ACPI: DSDT 0x000000003FFF0470 0021FF (v02 VBOX   VBOXBIOS 00000002 INTL 20100528)
[    0.000000] ACPI: FACS 0x000000003FFF0200 000040
[    0.000000] ACPI: FACS 0x000000003FFF0200 000040
[    0.000000] ACPI: APIC 0x000000003FFF0240 00005C (v02 VBOX  VBOXAPIC 00000001 ASL  00000061)
[    0.000000] ACPI: SSDT 0x000000003FFF02A0 0001CC (v01 VBOX   VBOXCPUT 00000002 INTL 20100528)
[    0.000000] No NUMA configuration found
[    0.000000] Faking a node at [mem 0x0000000000000000-0x000000003ffeffff]
[    0.000000] NODE_DATA(0) allocated [mem 0x3ffeb000-0x3ffeffff]
[    0.000000] kvm-clock: Using msrs 4b564d01 and4b564d00
[    0.000000] kvm-clock:cpu 0, msr 0:3ffe3001, primary cpu clock
[    0.000000] kvm-clock: using sched offset of 357662 cycs[    0.00000clcksource: kvmlo: mask0xffffffffffffff max_cycles: 0x1cd42e4dffb, max_idle_ns: 881590591483 ns
[    0.000000] Zone ranges:
[    0.000000]   DMA      [mem 0x0000000000001000-0x0000000000ffffff]
[    0.000000]   DMA32    [mem 0x0000000001000000-0x000000003ffeffff]
[    0.000000]   Normal   empty
[    0.000000]   Device   empty
[    0.000000] Movable zone start for each node
[    0.000000] Early memory node ranges
[    0.000000]   node   0: [mem 0x0000000000001000-0x000000000009efff]
[    0.000000]   node   0: [mem 0x0000000000100000-0x000000003ffeffff]
[    0.000000] Initmem setup node 0 [mem 0x0000000000001000-0x000000003ffeffff]
[    0.000000] ACPI: PM-Timer IO Port: 0x4008
[    0.000000] IOAPIC[0]: apic_id 2, version 32, address 0xfec00000, GSI 0-23
[    0.000000] ACPI: INT_SRC_OVR (bus 0 bus_irq 0 global_irq 2 dfl dfl)
[    0.000000] ACPI: INT_SRC_OVR (bus 0 bus_irq 9 global_irq 9 low level)
[    0.000000] Using ACPI (MADT) for SMP configuration information
[    0.000000] smpboot: Allowing 2 CPUs, 0 hotplug CPUs
[    0.000000] PM: Registered nosave memory: [mem 0x00000000-0x00000fff]
[    0.000000] PM: Registered nosave memory: [mem 0x0009f000-0x0009ffff]
[    0.000000] PM: Registered nosave memory: [mem 0x000a0000-0x000effff]
[    0.000000] PM: Registered nosave memory: [mem 0x000f0000-0x000fffff]
[    0.000000] e820: [mem 0x40000000-0xfebfffff] available for PCI devices
[    0.000000] Booting paravirtualized kernel on KVM
[    0.000000] clocksource: refined-jiffies: mask: 0xffffffff max_cycles: 0xffffffff, max_idle_ns: 76455196002168 ns
[    0.000000] setup_percpu: NR_CPUS:512 nr_cpumask_bits:512 nr_cpu_ids:2 nr_node_ids:1
[    0.000000] PERCPU: Embedded 34 pages/cpu @ffff88003fc00000 s99544 r8192 d31528 u1048576
[    0.000000] PV qspinlock hash table entries: 256 (order: 0, 4096 bytes)
[    0.000000] Built 1 zonelists in Node order, mobility grouping on.  Total pages: 257912
[    0.000000] Policy zone: DMA32
[    0.000000] Kernel command line: BOOT_IMAGE=/boot/vmlinuz-4.4.0-135-generic root=LABEL=cloudimg-rootfs ro console=tty1 console=ttyS0
[    0.000000] PID hash table entries: 4096 (order: 3, 32768 bytes)
[    0.000000] Memory: 997720K/1048120K available (8554K kernel code, 1314K rwdata, 4004K rodata, 1516K init, 1316K bss, 50400K reserved, 0K cma-reserved)
[    0.000000] SLUB: HWalign=64, Order=0-3, MinObec=0 CPUs=2, Ndes=1
   0.000000] Kernel/User pa tables isolation: enabled
[    0.000000] Hierarchical RCU implementation.
[  00000] 	Bui-te djustment of leaf faouto 64.
[    0.000000] 	RCU restricting CPUs from NR_CPUS=512 to nr_cpu_ds.
[    0000 RCU: Adjusting geometry for rcu_fanout_leaf=64, nr_cpu_ids=2
[    0.000000] NR_IRQS:33024 nr_irqs:440 16
[    0.000000] Console: colour VGA+ 80x25
[    0.000000] console [tty1] enabled
[    0.000000] console [ttyS0] enabled
[    0.000000] tsc: Detected 230400Hz processor
[    3.818634] Calibrating delay loop (skipped) preset value.. 4608.00 BogoMIPS (lpj=9216000)
[    3.882797] pid_max: default: 32768 minimum: 301
[    3.883659] ACPI: Core revision 20150930
[    3.885180] ACPI: 2 ACPI AML tables successfully acquired and loaded
[    3.886390] Security Framework initialized
[    3.887166] Yama: becoming mindful.
[    3.887866] AppArmor: AppArmor initialized
[    3.904699] Dentry cache hash table entries: 131072 (order: 8, 1048576 bytes)
[    3.907223] Inode-cache hash table entries: 65536 (order: 7, 524288 bytes)
[    3.964804] Mount-cache hash table entries: 2048 (order: 2, 16384 bytes)
[    4.018070] Mountpoint-cache hash table entries: 2048 (order: 2, 16384 bytes)
[    4.019427] Initializing cgroup subsys io
[    4.020203] Initializing cgroup subsys memory
[    4.021057] Initializing cgroup subsys devices
[    4.021807] Initializing cgroup subsys freezer
[    4.022552] Initializing cgroup subsys net_cls
[    4.023489] Initializing cgroup subsys perf_event
[    4.024396] Initializing cgroup subsys net_prio
[    4.025484] Initializing cgroup subsys hugetlb
[    4.032042] Initializing cgroup subsys pids
[    4.033899] mce: CPU supports 0 MCE banks
[    4.035246] Last level iTLB entries: 4KB 64, 2MB 8, 4MB 8
[    4.036159] Last level dTLB entries: 4KB 64, 2MB 0, 4MB 0, 1GB 4
[    4.037261] Spectre V2 : Mitigation: Full generic retpoline
[    4.049402] Spectre V2 : Speculation control IBPB not-supported IBRS not-supported
[    4.053109] Spectre V2 : Filling RSB on context switch
[    4.057226] Speculative Store Bypass: Vulnerable
[    4.065005] Freeing SMP alternatives memory: 32K
[    4.088229] ftrace: allocating 32266 entries in 127 pages
[    4.142747] smpboot: APIC(0) Converting physical 0 to logical package 0
[    4.187005] smpboot: Max logical packages: 1
[    4.209063] x2apic enabled
[    4.209833] Switched APIC routing to physical x2apic.
[    4.211671] ..TIMER: vector=0x30 apic1=0 pin1=2 apic2=-1 pin2=-1
[    4.340901] smpboot: CPU0: Intel(R) Core(TM) i5-7360U CPU @ 2.30GHz (family: 0x6, model: 0x8e, stepping: 0x9)
[    4.397804] Performance Events: unsupported p6 CPU model 142 no PMU driver, software events only.
[    4.399577] KVM setup paravirtual spinlock
[    4.434113] x86: Booting SMP configuration:
[    4.461012] .... node  #0, CPUs:      #1
[    4.461888] kvm-clock: cpu 1, msr 0:3ffe3041, secondary cpu clock
[    4.464349] mce: CPU supports 0 MCE banks
[    4.466898] x86: Booted up 1 node, 2 CPUs
[    4.469282] smpboot: Total of 2 processors activated (9216.00 BogoMIPS)
[    4.504852] devtmpfs: initialized
[    4.517807] evm: security.selinux
[    4.518481] evm: security.SMACK64
[    4.519164] evm: security.SMACK64EXEC
[    4.519878] evm: security.SMACK64TRANSMUTE
[    4.520665] evm: security.SMACK64MMAP
[    4.521379] evm: security.ima
[    4.521997] evm: security.capability
[    4.522841] clocksource: jiffies: mask: 0xffffffff max_cycles: 0xffffffff, max_idle_ns: 7645041785100000 ns
[    4.524281] futex hash table entries: 512 (order: 3, 32768 bytes)
[    4.525249] pinctrl core: initialized pinctrl subsystem
[    4.526100] RTC time:  9:14:27, date: 10/05/18
[    4.526922] NET: Registered protocol family 16
[    4.537224] cpuidle: using governor ladder
[    4.573589] cpuidle: using governor menu
[    4.628126] PCCT header not found.
[    4.661341] ACPI: bus type PCI registered
[    4.680463] acpiphp: ACPI Hot Plug PCI Controller Driver version: 0.5
[    4.682792] PCI: Using configuration type 1 for base access
[    4.751289] ACPI: Added _OSI(Module Device)
[    4.772542] ACPI: Added _OSI(Processor Device)
[    4.773385] ACPI: Added _OSI(3.0 _SCP Extensions)
[    4.774240] ACPI: Added _OSI(Processor Aggregator Device)
[    4.775779] ACPI: Executed 1 blocks of module-level executable AML code
[    4.778702] ACPI: Interpreter enabled
[    4.792179] ACPI: (supports S0 S5)
[    4.798362] ACPI: Using IOAPIC for interrupt routing
[    4.805207] PCI: Using host bridge windows from ACPI; if necessary, use "pci=nocrs" and report a bug
[    4.823636] ACPI: PCI Root Bridge [PCI0] (domain 0000 [bus 00-ff])
[    4.841128] acpi PNP0A03:00: _OSC: OS supports [ASPM ClockPM Segments MSI]
[    4.861251] acpi PNP0A03:00: _OSC: not requesting OS control; OS requires [ExtendedConfig ASPM ClockPM MSI]
[    4.862972] acpi PNP0A03:00: fail to add MMCONFIG information, can't access extended PCI configuration space under this bridge.
[    4.944450] PCI host bridge to bus 0000:00
[    4.973905] pci_bus 0000:00: root bus resource [io  0x0000-0x0cf7 window]
[    5.010519] pci_bus 0000:00: root bus resource [io  0x0d00-0xffff window]
[    5.021566] pci_bus 0000:00: root bus resource [mem 0x000a0000-0x000bffff window]
[    5.022979] pci_bus 0000:00: root bus resource [mem 0x40000000-0xfdffffff window]
[    5.062329] pci_bus 0000:00: root bus resource [bus 00-ff]
[    5.064704] pci 0000:00:01.1: legacy IDE quirk: reg 0x10: [io  0x01f0-0x01f7]
[    5.082213] pci 0000:00:01.1: legacy IDE quirk: reg 0x14: [io  0x03f6]
[    5.113729] pci 0000:00:01.1: legacy IDE quirk: reg 0x18: [io  0x0170-0x0177]
[    5.114888] pci 0000:00:01.1: legacy IDE quirk: reg 0x1c: [io  0x0376]
[    5.136170] pci 0000:00:07.0: quirk: [io  0x4000-0x403f] claimed by PIIX4 ACPI
[    5.151236] pci 0000:00:07.0: quirk: [io  0x4100-0x410f] claimed by PIIX4 SMB
[    5.183659] ACPI: PCI Interrupt Link [LNKA] (IRQs 5 9 10 *11)
[    5.198640] ACPI: PCI Interrupt Link [LNKB] (IRQs 5 9 *10 11)
[    5.199997] ACPI: PCI Interrupt Link [LNKC] (IRQs 5 *9 10 11)
[    5.201211] ACPI: PCI Interrupt Link [LNKD] (IRQs 5 9 10 *11)
[    5.202451] ACPI: Enabled 2 GPEs in block 00 to 07
[    5.203508] vgaarb: setting as boot device: PCI:0000:00:02.0
[    5.225472] vgaarb: device added: PCI:0000:00:02.0,decodes=io+mem,owns=io+mem,locks=none
[    5.283648] vgaarb: loaded
[    5.289989] vgaarb: bridge control possible 0000:00:02.0
[    5.291150] SCSI subsystem initialized
[    5.291967] ACPI: bus type USB registered
[    5.292663] usbcore: registered new interface driver usbfs
[    5.342047] usbcore: registered new interface driver hub
[    5.381620] usbcore: registered new device driver usb
[    5.411276] PCI: Using ACPI for IRQ routing
[    5.440779] NetLabel: Initializing
[    5.460236] NetLabel:  domain hash size = 128
[    5.472188] NetLabel:  protocols = UNLABELED CIPSOv4
[    5.506488] NetLabel:  unlabeled traffic allowed by default
[    5.568554] amd_nb: Cannot enumerate AMD northbridges
[    5.623204] clocksource: Switched to clocksource kvm-clock
[    5.678949] Aprm: pAorilysm abd  6.6970] pnp: PnP ACPI init
[    6.216053] pnp: PnP ACPI: found 3 devices

[    6.227804] clocksource: acpi_pm: mask: 0xffffff max_cycles: 0xfffff, max_idle_ns: 2085701024 ns[  63098 N: gistered protocol family 2

[    6.543436] TCesblhed hash table entries: 8192 (order: 4, 65536 bytes)
[    6.679763] TCP bind astae trs:19(oer5,312 te
  7.9167] TCP: Has tables configured (established 8192 bind 8192)
[   7.35240] P shab eri: 2 rd: 2, 184 bytes)
[    7.839453] UDP-Lite hash table entries: 512 (order: 2, 16384 bytes)
[    7.840587] NET: Registered protocol family 1
[    7.841412] pci 0000:00:00.0: Limiting direct PCI/PCI transfers
[    842452] pci 0000:00:01.0: Activating ISA DMA hang workarods[  7707]npcking initramfs...

[    8.365980] Freeing initrd memory: 14796K
[    8.386629] platform rtc_cmos: registered platform RTC device (no PNP device found)
[    8.388005] Scanning for low memory corruption every 60 seconds
[    8.389418] audit: initializing netlink subsys (disabled)
[    8.390405] audit: type=2000 audit(1538730871.300:1): initialized
[    8.391728] Initialise system trusted keyring
[    8.392705] HugeTLB registered 2 MB page size, pre-allocated 0 pages
[    8.400640] zbud: loaded
[    8.401852] VFS: Disk quotas dquot_6.6.0
[    8.409480] VFS: Dquot-cache hash table entries: 512 (order 0, 4096 bytes)
[    8.438184] squashfs: version 4.0 (2009/01/31) Phillip Loghr
[  8934]usin (API vsi 73)
[    8.916819] Key type big_key registered
[    8.955446] Allocating IMA MOK and blacklist keyrings.
[    9.024241] Key type asymmetric registered
[    9.136353] Asymmetric key parser 'x509' registered
[    9.272578] Block layer SCSI generic (bsg) driver version 0.4 loaded (major 249)
[    9.393115] io scheduler noop registered
[    9.395750] tsc: Refined TSC clocksource calibration: 2305.399 MHz
[    9.395752] clocksource: tsc: mask: 0xffffffffffffffff max_cycles: 0x213b2164608, max_idle_ns: 440795262212 ns
[    9.512291] io scheduler deadline registered (default)
[    9.521442] io scheduler cfq registered
[    9.530213] pci_hotplug: PCI Hot Plug PCI Core version: 0.5
[    9.547569] pciehp: PCI Express Hot Plug Controller Driver version: 0.4
[    9.624373] ACPI: AC Adapter [AC] (on-line)
[    9.670649] input: Power Button as /devices/LNXSYSTM:00/LNXPWRBN:00/input/input0
[    9.723567] ACPI: Power Button [PWRF]
[    9.763205] input: Sleep Button as /devices/LNXSYSTM:00/LNXSLPBN:00/input/input1
[    9.862586] ACPI: Sleep Button [SLPF]
[    9.864837] GHES: HEST is not enabled!
[    9.954873] Serial: 8250/16550 driver, 32 ports, IRQ sharing enabled
[   10.096709] 00:02: ttyS0 at I/O 0x3f8 (irq = 4, base_baud = 115200) is a 16550A
[   10.274164] Linux agpgart interface v0.103
[   10.306337] loop: module loaded
[   10.382890] scsi host0: ata_piix
[   10.442244] scsi host1: ata_piix
[   10.459967] ata1: PATA max UDMA/33 cmd 0x1f0 ctl 0x3f6 bmdma 0xd000 irq 14
[   10.586721] ata2: PATA max UDMA/33 cmd 0x170 ctl 0x376 bmdma 0xd008 irq 15
[   10.593984] libphy: Fixed MDIO Bus: probed
[   10.601838] tun: Universal TUN/TAP device driver, 1.6
[   10.608698] tun: (C) 1999-2004 Max Krasnyansky <maxk@qualcomm.com>
[   10.612839] PPP generic driver version 2.4.2
[   10.621735] ehci_hcd: USB 2.0 'Enhanced' Host Controller (EHCI) Driver
[   10.634817] ehci-pci: EHCI PCI platform driver
[   10.635678] ehci-platform: EHCI generic platform driver
[   10.682900] ohci_hcd: USB 1.1 'Open' Host Controller (OHCI) Driver
[   10.761855] ohci-pci: OHCI PCI platform driver
[   10.822330] ohci-platform: OHCI generic platform driver
[   10.823271] uhci_hcd: USB Universal Host Controller Interface driver
[   10.854657] i8042: PNP: PS/2 Controller [PNP0303:PS2K,PNP0f03:PS2M] at 0x60,0x64 irq 1,12
[   10.994845] serio: i8042 KBD port at 0x60,0x64 irq 1
[   11.040580] serio: i8042 AUX port at 0x60,0x64 irq 12
[   11.041602] mousedev: PS/2 mouse device common for all mice
[   11.042867] rtc_cmos rtc_cmos: rtc core: registered rtc_cmos as rtc0
[   11.044092] rtc_cmos rtc_cmos: alarms up to one day, 114 bytes nvram
[   11.064138] i2c /dev entries driver
[   11.124843] input: AT Translated Set 2 keyboard as /devices/platform/i8042/serio0/input/input2
[   11.252288] device-mapper: uevent: version 1.0.3
[   11.330730] device-mapper: ioctl: 4.34.0-ioctl (2015-10-28) initialised: dm-devel@redhat.com
[   11.372867] ledtrig-cpu: registered to indicate activity on CPUs
[   11.463074] NET: Registered protocol family 10
[   11.543922] NET: Registered protocol family 17
[   11.621015] Key type dns_resolver registered
[   11.654339] registered taskstats version 1
[   11.655183] Loading compiled-in X.509 certificates
[   11.656565] Loaded X.509 cert 'Build time autogenerated kernel key: b7189ebc996fd79c52efc1226b6676b25e4f6a2d'
[   11.658353] zswap: loaded using pool lzo/zbud
[   11.660881] Key type trusted registered
[   11.664890] Key type encrypted registered
[   11.667289] AppArmor: AppArmor sha1 policy hashing enabled
[   11.675860] ima: No TPM chip found, activating TPM-bypass!
[   11.696471] ima: Allocated hash algorithm: sha1
[   11.700014] evm: HMAC attrs: 0x1
[   11.704881]   Magic number: 6:520:221
[   11.707278] rtc_cmos rtc_cmos: setting system clock to 2018-10-05 09:14:34 UTC (1538730874)
[   11.710733] BIOS EDD facility v0.16 2004-Jun-25, 0 devices found
[   11.714356] EDD information not available.
[   11.761206] Freeing unused kernel memory: 1516K
[   11.883555] Write protecting the kernel read-only data: 14336k
[   11.942945] Freeing unused kernel memory: 1672K
[   11.985265] Freeing unused kernel memory: 92K
Loading, please wait...
starting version 229
[   12.096211] random: systemd-udevd: uninitialized urandom read (16 bytes read, 5 bits of entropy available)
[   12.096850] random: udevadm: uninitialized urandom read (16 bytes read, 5 bits of entropy available)
[   12.096869] random: udevadm: uninitialized urandom read (16 bytes read, 5 bits of entropy available)
[   12.102718] random: udevadm: uninitialized urandom read (16 bytes read, 5 bits of entropy available)
[   12.102751] random: udevadm: uninitialized urandom read (16 bytes read, 5 bits of entropy available)
[   12.102848] random: udevadm: uninitialized urandom read (16 bytes read, 5 bits of entropy available)
[   12.102883] random: udevadm: uninitialized urandom read (16 bytes read, 5 bits of entropy available)
[   12.102917] random: udevadm: uninitialized urandom read (16 bytes read, 5 bits of entropy available)
[   12.102954] random: udevadm: uninitialized urandom read (16 bytes read, 5 bits of entropy available)
[   12.102987] random: udevadm: uninitialized urandom read (16 bytes read, 5 bits of entropy available)
[   12.218665] Fusion MPT base driver 3.04.20
[   12.267775] Copyright (c) 1999-2008 LSI Corporation
[   12.276073] e1000: Intel(R) PRO/1000 Network Driver - version 7.3.21-k8-NAPI
[   12.353014] e1000: Copyright (c) 1999-2006 Intel Corporation.
[   12.363354] AVX2 version of gcm_enc/dec engaged.
[   12.368025] AES CTR mode by8 optimization enabled
[   12.378202] Fusion MPT SPI Host driver 3.04.20
[   12.385255] mptbase: ioc0: Initiating bringup
[   12.596134] ioc0: LSI53C1030 A0: Capabilities={Initiator}
[   12.899891] input: ImExPS/2 Generic Explorer Mouse as /devices/platform/i8042/serio1/input/input4
[   13.434500] scsi host2: ioc0: LSI53C1030 A0, FwRev=00000000h, Ports=1, MaxQ=256, IRQ=20
[   14.423371] scsi 2:0:0:0: Direct-Access     VBOX     HARDDISK         1.0  PQ: 0 ANSI: 5
[   14.448054] scsi target2:0:0: Beginning Domain Validation
[   14.449795] scsi target2:0:0: Domain Validation skipping write tests
[   14.450880] scsi target2:0:0: Ending Domain Validation
[   14.451773] scsi target2:0:0: asynchronous
[   14.455365] scsi 2:0:1:0: Direct-Access     VBOX     HARDDISK         1.0  PQ: 0 ANSI: 5
[   14.456946] scsi target2:0:1: Beginning Domain Validation
[   14.458687] scsi target2:0:1: Domain Validation skipping write tests
[   14.459846] scsi target2:0:1: Ending Domain Validation
[   14.460844] scsi target2:0:1: asynchronous
[   14.480012] sd 2:0:0:0: Attached scsi generic sg0 type 0
[   14.481132] sd 2:0:0:0: [sda] 20971520 512-byte logical blocks: (10.7 GB/10.0 GiB)
[   14.482984] sd 2:0:1:0: Attached scsi generic sg1 type 0
[   14.492636] sd 2:0:1:0: [sdb] 20480 512-byte logical blocks: (10.5 MB/10.0 MiB)
[   14.494122] sd 2:0:0:0: [sda] Write Protect is off
[   14.495136] sd 2:0:0:0: [sda] Incomplete mode parameter data
[   14.496043] sd 2:0:0:0: [sda] Assuming drive cache: write through
[   14.496950] sd 2:0:1:0: [sdb] Write Protect is off
[   14.498003] sd 2:0:1:0: [sdb] Incomplete mode parameter data
[   14.498855] sd 2:0:1:0: [sdb] Assuming drive cache: write through
[   14.504522]  sda: sda1
[   14.505766] sd 2:0:0:0: [sda] Attached SCSI disk
[   14.506937] sd 2:0:1:0: [sdb] Attached SCSI disk
[   14.762962] e1000 0000:00:03.0 eth0: (PCI:33MHz:32-bit) 02:fb:a8:4c:29:d0
[   14.854979] e1000 0000:00:03.0 eth0: Intel(R) PRO/1000 Network Connection
[   15.211451] e1000 0000:00:08.0 eth1: (PCI:33MHz:32-bit) 08:00:27:87:53:46
[   15.220538] e1000 0000:00:08.0 eth1: Intel(R) PRO/1000 Network Connection
[   15.222326] e1000 0000:00:03.0 enp0s3: renamed from eth0
[   15.252427] e1000 0000:00:08.0 enp0s8: renamed from eth1
Begin: Loading essential drivers[   16.522488] md: linear personality registered for level -1
 ... [   16.604829] md: multipath personality registered for level -4
[   16.607571] md: raid0 personality registered for level 0
[   16.610841] md: raid1 personality registered for level 1
[   16.683437] raid6: sse2x1   gen() 11957 MB/s
[   16.799461] raid6: sse2x1   xor()  9054 MB/s
[   16.883294] raid6: sse2x2   gen() 14750 MB/s
[   16.991428] raid6: sse2x2   xor() 10322 MB/s
[   17.059722] raid6: sse2x4   gen() 17039 MB/s
[   17.139416] raid6: sse2x4   xor()  7701 MB/s
[   17.219291] raid6: avx2x1   gen() 23514 MB/s
[   17.319374] raid6: avx2x2   gen() 27054 MB/s
[   17.415617] raid6: avx2x4   gen() 30871 MB/s
[   17.431789] raid6: using algorithm avx2x4 gen() 30871 MB/s
[   17.476066] raid6: using avx2x2 recovery algorithm
[   17.484781] xor: automatically using best checksumming function:
[   17.543421]    avx       : 27381.000 MB/sec
[   17.554806] async_tx: api initialized (async)
[   17.663603] md: raid6 personality registered for level 6
[   17.664505] md: raid5 personality registered for level 5
[   17.665532] md: raid4 personality registered for level 4
[   17.746171] md: raid10 personality registered for level 10
done.
Begin: Running /scripts/init-premount ... done.
Begin: Mounting root file system ... Begin: Running /scripts/local-top ... done.
Begin: Runn[   17.794851] Btrfs loaded
ing /scripts/local-premount ... Scanning for Btrfs filesystems
done.
Warning: fsck not present, so skipping root file system
[   17.832100] EXT4-fs (sda1): mounted filesystem with ordered data mode. Opts: (null)
done.
Begin: Running /scripts/local-bottom ... done.
Begin: Running /scripts/init-bottom ... done.
[   18.378267] systemd[1]: systemd 229 running in system mode. (+PAM +AUDIT +SELINUX +IMA +APPARMOR +SMACK +SYSVINIT +UTMP +LIBCRYPTSETUP +GCRYPT +GNUTLS +ACL +XZ -LZ4 +SECCOMP +BLKID +ELFUTILS +KMOD -IDN)
[   18.520694] systemd[1]: Detected virtualization oracle.
[   18.577341] systemd[1]: Detected architecture x86-64.

Welcome to [1mUbuntu 16.04.5 LTS[0m!

[ 18734]ysmd]:etostnmeo buntu-xenial
[   19.177496] random: nonblocking pool is initialized
[   20.007611] systemd[1]: Listening on LVM2 poll daemon socket.
[[0;32m  OK  [0m] Listening on LVM2 poll daemon socket.
[   20.009561] systemd[1]: Reached target Swap.
[[0;32m  OK  [0m] Reached target Swap.
[   20.011302] systemd[1]: Created slice User and Session Slice.
[[0;32m  OK  [0m] Created slice User and Session Slice.
[   20.013153] systemd[1]: Listening on udev Kernel Socket.
[[0;32m  OK  [0m] Listening on udev Kernel Socket.
[   20.014900] systemd[1]: Reached target Encrypted Volumes.
[[0;32m  OK  [0m] Reached target Encrypted Volumes.
[   20.016680] systemd[1]: Listening on /dev/initctl Compatibility Named Pipe.
[[0;32m  OK  [0m] Listening on /dev/initctl Compatibility Named Pipe.
[   20.018747] systemd[1]: Listening on Journal Audit Socket.
[[0;32m  OK  [0m] Listening on Journal Audit Socket.
[ 20404] systemd[1]: Reached target System Time Synchronized.

[[0;32m  OK  [0m] Reached target System Time Synchronized.
[   20.169641] systemd[1]: Listening on LVM2 metadata daemon socket.
[[0;32m  OK  [0m] Listening on LVM2 metadata daemon socket.
[ 20323] systemd[1]: Lstening on Journal Socket.

[[0;32m  OK  [0m] Listening on Journal Socket.
[ 20440120] systemd[1: t  aomnt Arbitrary Executable File Formats File System Automount Point.

[[0;32m  OK  [0m] Set up automount Arbitrary Executab...ats File System Automount Point.
[   20.08] stmd[1]: Created slice System Slice.
[[0;32m  OK  [0m] Created slice System Slice.
[   20.960279] systemd[1]: Starting Set console keymap...
         Starting Set console keymap...
[   21.036091] systemd[1]: Starting Uncomplicated firewall...
         Starting Uncomplicated firewall...
[   21.123494] systemd[1]: Starting Nameserver information manager...
         Starting Nameserver information manager...
[   21.252248] systemd[1]: Starting Load Kernel Modules...
         Starting Load Kernel Modules...
[   21.352692] systemd[1]: Starting Remount Root and Kernel File Systems...
         Starting Remount Root a[   21.381246] Loading iSCSI transport class v2.0-870.
nd Kernel File Systems...
[   21.396311] EXT4-fs (sda1): re-mounted. Opts: (null)
[   21.415920] systemd[1]: Created slice system-serial\x2dgetty.slice.
[[0;32m  OK  [0m] Created slice system-serial\x2dgetty.slice.
[   21.427885] systemd[1]: Mounting Huge Pages File System...
         Mounting Huge Pages File System...
[   21.450829] iscsi: registered transport (tcp)
[   21.475432] systemd[1]: Mounting POSIX Message Queue File System...
         Mounting POSIX Message Queue File System...
[   21.530210] iscsi: registered transport (iser)
[   21.582112] systemd[1]: Listening on udev Control Socket.
[[0;32m  OK  [0m] Listening on udev Control Socket.
[ 21596]ysmd]: StartedTrge resolvco uat for ntwkdNS.
[[0;32m  OK  [0m] Started Trigger resolvconf update for networkd DNS.
[   22.443864] systemd[1]: Starting Create list of required static device nodes for the current kernel...
         Starting Create list of required st... nodes for the current kernel...
[   22.500146] systemd[1]: Listening on Syslog Socket.
[[0;32m  OK  [0m] Listening on Syslog Socket.
[   22.516956] systemd[1]: Listening on Device-mapper event daemon FIFOs.
[[0;32m  OK  [0m] Listening on Device-mapper event daemon FIFOs.
[   22.547484] systemd[1]: Starting Monitoring of LVM2 mirrors, snapshots etc. using dmeventd or progress polling...
         Starting Monitoring of LVM2 mirrors... dmeventd or progress polling...
[   22.594262] systemd[1]: Reached target Slices.
[[0;32m  OK  [0m] Reached target Slices.
[ 22476]ysmd[1]: Listening on Journal Socket (/dev/log).
[[0;32m  OK  [0m] Listening on Journal Socket (/dev/log).
[   23.035870] systemd[1]: Starting Journal Service...
         Starting Journal Service...
[   23.103451] syste[1 Rched target User and Grou Ne Lookus.
[[0;32m  OK  [0m] Reached target User and Group Name Lookups.
[   23.393521] systemd[1]: Started Forward Password Requests to Wall Dircty tch.

[[0;32m  OK  [0m] Started Forward Password Requests to Wall Directory Watch.
[   23.611394] systemd[1]: Mounting Debug File System...
         Mounting Debug File System...
[   23.641228] systemd[1]: Mounted POSIX Message Queue File Syem

[[0;32m  OK  [0m] Mounted POSIX Message Queue File System.
[   23.765095] ste[1 Mnt Debug File System.

[[0;32m  OK  [0m] Mounted Debug File System.
[   23.987356] systemd[1]: Mounted Huge Pages File System.
[[0;32m  OK  [0m] Mounted Huge Pages File System.
[ 24560]ysmd]:tated Journal Service.
[[0;32m  OK  [0m] Started Journal Service.
[[0;32m  OK  [0m] Started Set console keymap.
[[0;32m  OK  [0m] Started Uncomplicated firewall.
[[0;32m  OK  [0m] Started Load Kernel Modules.
[[0;32m  OK  [0m] Started Remount Root and Kernel File Systems.
[[0;32m  OK  [0m] Started Create list of required sta...ce nodes for the current kernel.
[[0;32m  OK  [0m] Started Nameserver information manager.
[[0;32m  OK  [0m] Started LVM2 metadata daemon.
         Starting Create Static Device Nodes in /dev...
         Starting udev Coldplug all Devices...
         Starting Load/Save Random Seed...
         Starting Apply Kernel Variables...
         Mounting FUSE Control File System...
         Starting Flush Journal to Persistent Storage...
[[0;32m  OK  [0m] Mounted FUSE Control File System.
[[0;32m  OK  [0m] Started Load/Save Random Seed.
[   24.945919] systemd-journald[401]: Received request to flush runtime journal from PID 1
[[0;32m  OK  [0m] Started udev Coldplug all Devices.
[[0;32m  OK  [0m] Started Create Static Device Nodes in /dev.
[[0;32m  OK  [0m] Started Monitoring of LVM2 mirrors,...ng dmeventd or progress polling.
[[0;32m  OK  [0m] Started Apply Kernel Variables.
[[0;32m  OK  [0m] Started Flush Journal to Persistent Storage.
         Starting udev Kernel Device Manager...
[[0;32m  OK  [0m] Started udev Kernel Device Manager.
[[0;32m  OK  [0m] Reached target Local File Systems (Pre).
[[0;32m  OK  [0m] Reached target Local File Systems.
         Starting Create Volatile Files and Directories...
         Starting Initial cloud-init job (pre-networking)...
         Starting LSB: AppArmor initialization...
         Starting Set console font and keymap...
         Starting Tell Plymouth To Write Out Runtime Data...
[[0;32m  OK  [0m] Started Dispatch Password Requests to Console Directory Watch.
[[0;32m  OK  [0m] Started Tell Plymouth To Write Out Runtime Data.
[[0;32m  OK  [0m] Found device /dev/ttyS0.
[[0;32m  OK  [0m] Listening on Load/Save RF Kill Switch Status /dev/rfkill Watch.
[[0;32m  OK  [0m] Started Create Volatile Files and Directories.
         Starting Update UTMP about System Boot/Shutdown...
[[0;32m  OK  [0m] Found device 82540EM Gigabit Ethern...r (PRO/1000 MT Desktop Adapter).
[[0;32m  OK  [0m] Found device 82540EM Gigabit Ethern...r (PRO/1000 MT Desktop Adapter).
[[0;32m  OK  [0m] Started Update UTMP about System Boot/Shutdown.
[[0;32m  OK  [0m] Started LSB: AppArmor initialization.
[[0;32m  OK  [0m] Started Set console font and keymap.
[[0;32m  OK  [0m] Created slice system-getty.slice.
[   22.432434] cloud-init[473]: Cloud-init v. 18.3-9-g2e62cb8a-0ubuntu1~16.04.2 running 'init-local' at Fri, 05 Oct 2018 09:14:50 +0000. Up 22.09 seconds.
[[0;32m  OK  [0m] Started Initial cloud-init job (pre-networking).
[[0;32m  OK  [0m] Reached target Network (Pre).
[[0;32m  OK  [0m] Started ifup for enp0s8.
[[0;32m  OK  [0m] Started ifup for enp0s3.
         Starting Raise network interfaces...
[[0;32m  OK  [0m] Started Raise network interfaces.
[[0;32m  OK  [0m] Reached target Network.
         Starting Initial cloud-init job (metadata service crawler)...
[   23.523663] cloud-init[1053]: Cloud-init v. 18.3-9-g2e62cb8a-0ubuntu1~16.04.2 running 'init' at Fri, 05 Oct 2018 09:14:51 +0000. Up 23.14 seconds.
[   23.533069] cloud-init[1053]: ci-info: ++++++++++++++++++++++++++++++++++++++Net device info+++++++++++++++++++++++++++++++++++++++
[   23.537511] cloud-init[1053]: ci-info: +--------+------+-----------------------------+---------------+--------+-------------------+
[   23.540972] cloud-init[1053]: ci-info: | Device |  Up  |           Address           |      Mask     | Scope  |     Hw-Address    |
[   23.543611] cloud-init[1053]: ci-info: +--------+------+-----------------------------+---------------+--------+-------------------+
[   23.546353] cloud-init[1053]: ci-info: | enp0s3 | True |          10.0.2.15          | 255.255.255.0 | global | 02:fb:a8:4c:29:d0 |
[   23.549184] cloud-init[1053]: ci-info: | enp0s3 | True |  fe80::fb:a8ff:fe4c:29d0/64 |       .       |  link  | 02:fb:a8:4c:29:d0 |
[   23.552989] cloud-init[1053]: ci-info: | enp0s8 | True |        192.168.33.10        | 255.255.255.0 | global | 08:00:27:87:53:46 |
[   23.676696] cloud-init[1053]: ci-info: | enp0s8 | True | fe80::a00:27ff:fe87:5346/64 |       .       |  link  | 08:00:27:87:53:46 |
[   23.809329] cloud-init[1053]: ci-info: |   lo   | True |          127.0.0.1          |   255.0.0.0   |  host  |         .         |
[[0;32m  OK  [0m] Started Initial cloud-init job (metadata service crawler).
[   23.819698] cloud-init[1053]: ci-info: |   lo   | True |           ::1/128           |       .       |  host  |         .         |[[0;32m  OK  [0m] Reached target Cloud-config availability.
[[0;32m  OK  [0m] Reached target Network is Online.

[   23.832343]          cloud-initStarting iSCSI initiator daemon (iscsid)...[1053]: 
ci-info: +--------+------+-----------------------------+---------------+--------+-------------------+
[   23.869205] [cloud-init[0;32m  OK  [0m[1053]: ] ci-info: ++++++++++++++++++++++++++++Route IPv4 info++++++++++++++++++++++++++++Reached target System Initialization.

[[0;32m  OK  [0m] Started Daily Cleanup of Temporary Directories.
[[0;32m  OK  [0m] Listening on D-Bus System Message Bus Socket.
[   23.869690] cloud-init[1053]: ci-info: +-------+--------------+----------+---------------+-----------+-------+
[   24.092487] [cloud-init[0;32m  OK  [0m[1053]: ] ci-info: | Route | Destination  | Gateway  |    Genmask    | Interface | Flags |Started Daily apt download activities.

[   24.244621]          cloud-initStarting LXD - unix socket.[1053]: 
ci-info: +-------+--------------+----------+---------------+-----------+-------+
[   24.379252]          Starting Socket activation for snappy daemon.
[[0;32m  OK  [0m] Listening on UUID daemon activation socket.
[[0;32m  OK  [0m] Listening on ACPID Listen Socket.
[[0;32m  OK  [0m] Started Daily apt upgrade and clean activities.
[[0;32m  OK  [0m] Reached target Timers.
cloud-init[1053]: ci-info: |   0   |   0.0.0.0    | 10.0.2.2 |    0.0.0.0    |   enp0s3  |   UG  |
[   24.793470] [cloud-init[0;32m  OK  [0m[1053]: ] ci-info: |   1   |   10.0.2.0   | 0.0.0.0  | 255.255.255.0 |   enp0s3  |   U   |Started ACPI Events Check.

[   24.899451] [[0;32m  OK  [0m] Reached target Paths.
cloud-init[1053]: ci-info: |   2   | 192.168.33.0 | 0.0.0.0  | 255.255.255.0 |   enp0s8  |   U   |
[   24.920369] [cloud-init[0;32m  OK  [0m[1053]: ] ci-info: +-------+--------------+----------+---------------+-----------+-------+
Listening on LXD - unix socket.
[[0;32m  OK  [0m] Listening on Socket activation for snappy daemon.
[[0;32m  OK  [0m] Started iSCSI initiator daemon (iscsid).
[   24.920959] cloud-init[1053]: ci-info: +++++++++++++++++++Route IPv6 info+++++++++++++++++++
[   24.968561] cloud-init[1053]: ci-info: +-------+-------------+---------+-----------+-------+
         Starting Login to default iSCSI targets...
[[0;32m  OK  [0m] Reached target Sockets.
[[0;32m  OK  [0m] Reached target Basic System.
[   25.019476] cloud-init[1053]: ci-info: | Route | Destination | Gateway | Interface | Flags |
[   25.115540]          Starting LXD - container startup/shutdown...
cloud-init[1053]: ci-info: +-------+-------------+---------+-----------+-------+
[   25.117366] cloud-init[1053]: ci-info: |   0   |  fe80::/64  |    ::   |   enp0s8  |   U   |
[   25.118613] cloud-init[1053]: ci-info: |   1   |  fe80::/64  |    ::   |   enp0s3  |   U   |
[   25.119869] cloud-init[1053]: ci-info: |   4   |   ff00::/8  |    ::   |   enp0s8  |   U   |
[   25.144291] [[0;32m  OK  [0m] Started Unattended Upgrades Shutdown.
cloud-init[1053]: ci-info: |   5   |   ff00::/8  |    ::   |   enp0s3  |   U   |
[   25.172262]          Starting Virtualbox guest utils...
cloud-init         Starting Accounts Service...
[1053]: ci-info: +-------+-------------+---------+-----------+-------+
         Starting OpenBSD Secure Shell server...
[[0;32m  OK  [0m] Started D-Bus System Message Bus.
         Starting LSB: Record successful boot for GRUB...
[[0;32m  OK  [0m] Started ACPI event daemon.
         Starting The PHP 7.0 FastCGI Process Manager...
[[0;32m  OK  [0m] Started Regular background program processing daemon.
         Starting /etc/rc.local Compatibility...
         Starting Snappy daemon...
         Starting LSB: MD monitoring daemon...
         Starting System Logging Service...
         Starting Login Service...
[[0;32m  OK  [0m] Started Deferred execution scheduler.
[[0;32m  OK  [0m] Started FUSE filesystem for LXC.
[[0;32m  OK  [0m] Started OpenBSD Secure Shell server.
[[0;32m  OK  [0m] Started LXD - container startup/shutdown.
[[0;32m  OK  [0m] Started /etc/rc.local Compatibility.
[[0;32m  OK  [0m] Started System Logging Service.
[[0;32m  OK  [0m] Started LSB: Record successful boot for GRUB.
[[0;32m  OK  [0m] Started LSB: MD monitoring daemon.
[[0;32m  OK  [0m] Started Login to default iSCSI targets.
[[0;32m  OK  [0m] Reached target Remote File Systems (Pre).
[[0;32m  OK  [0m] Reached target Remote File Systems.
         Starting LSB: Set the CPU Frequency Scaling governor to "ondemand"...
         Starting Permit User Sessions...
         Starting LSB: Apache2 web server...
         Starting LSB: daemon to balance interrupts for SMP systems...
         Starting LSB: automatic crash report generation...
         Starting Authenticate and Authorize Users to Run Privileged Tasks...
[[0;32m  OK  [0m] Started Snappy daemon.
[[0;32m  OK  [0m] Started Virtualbox guest utils.
[[0;32m  OK  [0m] Started Permit User Sessions.
[[0;32m  OK  [0m] Started The PHP 7.0 FastCGI Process Manager.
[[0;32m  OK  [0m] Started Login Service.
[[0;32m  OK  [0m] Started Authenticate and Authorize Users to Run Privileged Tasks.
[[0;32m  OK  [0m] Started Accounts Service.
[[0;32m  OK  [0m] Started LSB: Set the CPU Frequency Scaling governor to "ondemand".
         Starting Hold until boot process finishes up...
         Starting Terminate Plymouth Boot Screen...
         Starting Wait until snapd is fully seeded...
[[0;32m  OK  [0m] Started LSB: daemon to balance interrupts for SMP systems.
[[0;32m  OK  [0m] Started LSB: automatic crash report generation.
[[0;32m  OK  [0m] Started Hold until boot process finishes up.
[[0;32m  OK  [0m] Started Terminate Plymouth Boot Screen.
[[0;32m  OK  [0m] Started Wait until snapd is fully seeded.
         Starting Apply the settings specified in cloud-config...
[[0;32m  OK  [0m] Started Serial Getty on ttyS0.
[[0;32m  OK  [0m] Started Getty on tty1.
[[0;32m  OK  [0m] Reached target Login Prompts.
         Starting Set console scheme...
[[0;32m  OK  [0m] Started Set console scheme.
[   26.823419] cloud-init[1327]: Cloud-init v. 18.3-9-g2e62cb8a-0ubuntu1~16.04.2 running 'modules:config' at Fri, 05 Oct 2018 09:14:54 +0000. Up 26.73 seconds.
[[0;32m  OK  [0m] Started Apply the settings specified in cloud-config.
[[0;32m  OK  [0m] Started LSB: Apache2 web server.
[[0;32m  OK  [0m] Reached target Multi-User System.
         Starting Execute cloud user/final scripts...
[[0;32m  OK  [0m] Reached target Graphical Interface.
         Starting Update UTMP about System Runlevel Changes...
[[0;32m  OK  [0m] Started Update UTMP about System Runlevel Changes.
[   27.907531] cloud-init[1344]: Cloud-init v. 18.3-9-g2e62cb8a-0ubuntu1~16.04.2 running 'modules:final' at Fri, 05 Oct 2018 09:14:55 +0000. Up 27.80 seconds.
[   28.021812] cloud-init[1344]: Cloud-init v. 18.3-9-g2e62cb8a-0ubuntu1~16.04.2 finished at Fri, 05 Oct 2018 09:14:55 +0000. Datasource DataSourceNoCloud [seed=/dev/sdb][dsmode=net].  Up 27.90 seconds
[[0;32m  OK  [0m] Started Execute cloud user/final scripts.
[[0;32m  OK  [0m] Reached target Cloud-init target.
         Starting Daily apt download activities...
[[0;32m  OK  [0m] Created slice User Slice of vagrant.
         Starting User Manager for UID 1000...
[[0;32m  OK  [0m] Started Session 1 of user vagrant.
[[0;32m  OK  [0m] Started User Manager for UID 1000.

Ubuntu 16.04.5 LTS ubuntu-xenial ttyS0

ubuntu-xenial login: [[0;32m  OK  [0m] Started ACPI event daemon.
[[0;32m  OK  [0m] Started ACPI event daemon.
[[0;32m  OK  [0m] Started ACPI event daemon.
[[0;32m  OK  [0m] Started Daily apt upgrade and clean activities.
